
ROM used:   3552/4096 (87%)
            3552/4096 (87%) including unused fragments

            2.7 Average locations per line
            18.4 Average locations per statement

RAM used:   43/256 (17%) at main() level
            80/256 (31%) worst case

Stack used: 15 worst case (8 in main + 7 for interrupts)
Stack size: 31

Lines Stmts  %   Files
----- ----- ---  -----
  189   109  56  PIZ-Dual-New.c
  676     0   0  C:\Program Files\PICC\Devices\18F1220.h
  456    84  44  C:\Program Files\PICC\Drivers\lcd.c
----- -----
 1321   193 Total

Page ROM  %  RAM   Vol Diff  Functions:
---- --- --- ---   --- ----  ----------
0     40   1    1             @delay_ms1
0     70   1    3   596  5.9  lcd_read_byte
0     12   0    0    59  4.2  lcd_read_nibble
0     28   0    1   181  3.9  lcd_send_nibble
0     70   1    3   415  3.7  lcd_send_byte
0    198   3    6   770  7.2  lcd_init
0     34   0    4   208  6.3  lcd_gotoxy
0     80   1    1   354  4.7  lcd_putc
0    146   2    0   941  4.8  timer
0     16   0    0   223  2.6  @const643
0     32   0    2             @PSTRINGC_611
0     16   0    0             @const645
0    280   4    4   223  2.6  LeerTemp
0     54   1    2   223  2.6  @ITOF
0    242   3   11             @MULFF
0    346   5   14             @DIVFF
0    390   5    0   223  2.6  Estado
0     40   1    3             @DIV88
0    138   2    2             @PRINTF_U_611
0     64   1    5             @FTOSD
0    142   2   13   359  3.1  @DIV3232
0    432   6   13             @PRINTF_L32D_611FPFPF
0    186   3    0   359  3.1  Operatividad
0    118   2   10             @FLT
0     16   0    0   706  4.8  @const676
0     14   0    0             @const677
0    202   3    1   706  4.8  MAIN
 Inline         0             @cinit1

Program metrics:
    Functions               16
    Statements              193
    Comments                286
    Volume (V)              11112
    Difficulty (D)          63.7
    Effort to implement (E) 707391
    Time to implement (T)   10 hours, 55 minutes
    Est Delivered Bugs (B)  3
    Cyclomatic Complexity   38
    Maintainability (MI)    109

 Segment     Used  Free
-----------  ----  ----
00000-00002     4  0  
00004-00006     0  4  
00008-00094   142  0  
00096-00FFE  3406  540  



